<?xml version="1.0" encoding="UTF-8"?>
<testng-results ignored="0" total="1" passed="1" failed="0" skipped="0">
  <reporter-output>
  </reporter-output>
  <suite started-at="2019-07-02T18:31:15Z" name="Default suite" finished-at="2019-07-02T18:31:23Z" duration-ms="7347">
    <groups>
    </groups>
    <test started-at="2019-07-02T18:31:15Z" name="Default test" finished-at="2019-07-02T18:31:23Z" duration-ms="7347">
      <class name="com.orange.test.LoginPageTest">
        <test-method is-config="true" signature="Browser()[pri:0, instance:com.orange.test.LoginPageTest@25b485ba]" started-at="2019-07-03T00:01:16Z" name="Browser" finished-at="2019-07-03T00:01:23Z" duration-ms="7199" status="PASS">
          <reporter-output>
          </reporter-output>
        </test-method> <!-- Browser -->
        <test-method signature="test23()[pri:0, instance:com.orange.test.LoginPageTest@25b485ba]" started-at="2019-07-03T00:01:23Z" name="test23" finished-at="2019-07-03T00:01:23Z" duration-ms="124" status="PASS">
          <reporter-output>
          </reporter-output>
        </test-method> <!-- test23 -->
      </class> <!-- com.orange.test.LoginPageTest -->
    </test> <!-- Default test -->
  </suite> <!-- Default suite -->
</testng-results>
